<?xml version="1.0" encoding="windows-1252" standalone="no"?>
<!DOCTYPE log SYSTEM "logger.dtd">
<log>
<record>
  <date>2018-06-28T19:47:57</date>
  <millis>1530226077912</millis>
  <sequence>0</sequence>
  <logger>java.util.logging.Logger</logger>
  <level>SEVERE</level>
  <class>utilidades.Log</class>
  <method>gravaLog</method>
  <thread>14</thread>
  <message>com.mysql.jdbc.exceptions.jdbc4.CommunicationsException: Communications link failure

The last packet sent successfully to the server was 0 milliseconds ago. The driver has not received any packets from the server.</message>
  <exception>
    <message>com.mysql.jdbc.exceptions.jdbc4.CommunicationsException: Communications link failure

The last packet sent successfully to the server was 0 milliseconds ago. The driver has not received any packets from the server.</message>
    <frame>
      <class>sun.reflect.NativeConstructorAccessorImpl</class>
      <method>newInstance0</method>
    </frame>
    <frame>
      <class>sun.reflect.NativeConstructorAccessorImpl</class>
      <method>newInstance</method>
    </frame>
    <frame>
      <class>sun.reflect.DelegatingConstructorAccessorImpl</class>
      <method>newInstance</method>
    </frame>
    <frame>
      <class>java.lang.reflect.Constructor</class>
      <method>newInstance</method>
    </frame>
    <frame>
      <class>com.mysql.jdbc.Util</class>
      <method>handleNewInstance</method>
      <line>425</line>
    </frame>
    <frame>
      <class>com.mysql.jdbc.SQLError</class>
      <method>createCommunicationsException</method>
      <line>989</line>
    </frame>
    <frame>
      <class>com.mysql.jdbc.MysqlIO</class>
      <method>&lt;init&gt;</method>
      <line>341</line>
    </frame>
    <frame>
      <class>com.mysql.jdbc.ConnectionImpl</class>
      <method>coreConnect</method>
      <line>2203</line>
    </frame>
    <frame>
      <class>com.mysql.jdbc.ConnectionImpl</class>
      <method>connectOneTryOnly</method>
      <line>2236</line>
    </frame>
    <frame>
      <class>com.mysql.jdbc.ConnectionImpl</class>
      <method>createNewIO</method>
      <line>2035</line>
    </frame>
    <frame>
      <class>com.mysql.jdbc.ConnectionImpl</class>
      <method>&lt;init&gt;</method>
      <line>790</line>
    </frame>
    <frame>
      <class>com.mysql.jdbc.JDBC4Connection</class>
      <method>&lt;init&gt;</method>
      <line>47</line>
    </frame>
    <frame>
      <class>sun.reflect.NativeConstructorAccessorImpl</class>
      <method>newInstance0</method>
    </frame>
    <frame>
      <class>sun.reflect.NativeConstructorAccessorImpl</class>
      <method>newInstance</method>
    </frame>
    <frame>
      <class>sun.reflect.DelegatingConstructorAccessorImpl</class>
      <method>newInstance</method>
    </frame>
    <frame>
      <class>java.lang.reflect.Constructor</class>
      <method>newInstance</method>
    </frame>
    <frame>
      <class>com.mysql.jdbc.Util</class>
      <method>handleNewInstance</method>
      <line>425</line>
    </frame>
    <frame>
      <class>com.mysql.jdbc.ConnectionImpl</class>
      <method>getInstance</method>
      <line>400</line>
    </frame>
    <frame>
      <class>com.mysql.jdbc.NonRegisteringDriver</class>
      <method>connect</method>
      <line>330</line>
    </frame>
    <frame>
      <class>java.sql.DriverManager</class>
      <method>getConnection</method>
    </frame>
    <frame>
      <class>java.sql.DriverManager</class>
      <method>getConnection</method>
    </frame>
    <frame>
      <class>basedados.ConectorJDBC</class>
      <method>abreConexao</method>
      <line>66</line>
    </frame>
    <frame>
      <class>basedados.dao.jdbc.ScriptCriacaoBD</class>
      <method>criaBancoDeDados</method>
      <line>51</line>
    </frame>
    <frame>
      <class>basedados.dao.jdbc.ScriptCriacaoBD</class>
      <method>criaTabelasBD</method>
      <line>27</line>
    </frame>
    <frame>
      <class>basedados.dao.BaseDadosFacade</class>
      <method>&lt;init&gt;</method>
      <line>32</line>
    </frame>
    <frame>
      <class>negocio.GerenciadorRegrasNegocio</class>
      <method>&lt;init&gt;</method>
      <line>34</line>
    </frame>
    <frame>
      <class>visualizacao.TelaLogin</class>
      <method>initialize</method>
      <line>69</line>
    </frame>
    <frame>
      <class>visualizacao.TelaLogin</class>
      <method>&lt;init&gt;</method>
      <line>51</line>
    </frame>
    <frame>
      <class>visualizacao.TelaLogin$1</class>
      <method>run</method>
      <line>38</line>
    </frame>
    <frame>
      <class>java.awt.event.InvocationEvent</class>
      <method>dispatch</method>
    </frame>
    <frame>
      <class>java.awt.EventQueue</class>
      <method>dispatchEventImpl</method>
    </frame>
    <frame>
      <class>java.awt.EventQueue</class>
      <method>access$500</method>
    </frame>
    <frame>
      <class>java.awt.EventQueue$3</class>
      <method>run</method>
    </frame>
    <frame>
      <class>java.awt.EventQueue$3</class>
      <method>run</method>
    </frame>
    <frame>
      <class>java.security.AccessController</class>
      <method>doPrivileged</method>
    </frame>
    <frame>
      <class>java.security.ProtectionDomain$JavaSecurityAccessImpl</class>
      <method>doIntersectionPrivilege</method>
    </frame>
    <frame>
      <class>java.awt.EventQueue</class>
      <method>dispatchEvent</method>
    </frame>
    <frame>
      <class>java.awt.EventDispatchThread</class>
      <method>pumpOneEventForFilters</method>
    </frame>
    <frame>
      <class>java.awt.EventDispatchThread</class>
      <method>pumpEventsForFilter</method>
    </frame>
    <frame>
      <class>java.awt.EventDispatchThread</class>
      <method>pumpEventsForHierarchy</method>
    </frame>
    <frame>
      <class>java.awt.EventDispatchThread</class>
      <method>pumpEvents</method>
    </frame>
    <frame>
      <class>java.awt.EventDispatchThread</class>
      <method>pumpEvents</method>
    </frame>
    <frame>
      <class>java.awt.EventDispatchThread</class>
      <method>run</method>
    </frame>
  </exception>
</record>
</log>
